iMPACT Version: 10.1.03

iMPACT log file Started on Fri Aug 14 14:24:56 2015

// *** BATCH CMD : setMode -bs
// *** BATCH CMD : setMode -bs
GUI --- Auto connect to cable...
// *** BATCH CMD : setCable -port auto
AutoDetecting cable. Please wait.
PROGRESS_START - Starting Operation.
Connecting to cable (Parallel Port - LPT1).
Checking cable driver.
Your driver installation is not complete. Please rerun iMPACT
as an administrator to complete the driver installation.
Service using windrvr6.sys : SYSTEM\CurrentControlSet\Services\WinDriver6.
 ImagePath = system32\drivers\windrvr6.sys.
 Start = 3.
 ErrorControl = 1.
 Type=1.
Cable connection failed.
Connecting to cable (Parallel Port - LPT2).
Checking cable driver.
Your driver installation is not complete. Please rerun iMPACT
as an administrator to complete the driver installation.
Service using windrvr6.sys : SYSTEM\CurrentControlSet\Services\WinDriver6.
 ImagePath = system32\drivers\windrvr6.sys.
 Start = 3.
 ErrorControl = 1.
 Type=1.
Cable connection failed.
Connecting to cable (Parallel Port - LPT3).
Checking cable driver.
Your driver installation is not complete. Please rerun iMPACT
as an administrator to complete the driver installation.
Service using windrvr6.sys : SYSTEM\CurrentControlSet\Services\WinDriver6.
 ImagePath = system32\drivers\windrvr6.sys.
 Start = 3.
 ErrorControl = 1.
 Type=1.
Cable connection failed.
Connecting to cable (Parallel Port - LPT4).
Checking cable driver.
Your driver installation is not complete. Please rerun iMPACT
as an administrator to complete the driver installation.
Service using windrvr6.sys : SYSTEM\CurrentControlSet\Services\WinDriver6.
 ImagePath = system32\drivers\windrvr6.sys.
 Start = 3.
 ErrorControl = 1.
 Type=1.
Cable connection failed.
Connecting to cable (Usb Port - USB21).
Checking cable driver.
 Source driver files not found.
The Platform Cable USB is not detected. Please connect a cable.If a cable isconnected, please disconnect
and reconnect to the usb port, follow the instructions in the 'Found NewHardware Wizard', then retry
the Cable Setup operation.
Cable connection failed.
Connecting to cable (Usb Port - USB22).
Checking cable driver.
 Source driver files not found.
The Platform Cable USB is not detected. Please connect a cable.If a cable isconnected, please disconnect
and reconnect to the usb port, follow the instructions in the 'Found NewHardware Wizard', then retry
the Cable Setup operation.
Cable connection failed.
Connecting to cable (Usb Port - USB23).
Checking cable driver.
 Source driver files not found.
The Platform Cable USB is not detected. Please connect a cable.If a cable isconnected, please disconnect
and reconnect to the usb port, follow the instructions in the 'Found NewHardware Wizard', then retry
the Cable Setup operation.
Cable connection failed.
Connecting to cable (Usb Port - USB24).
Checking cable driver.
 Source driver files not found.
The Platform Cable USB is not detected. Please connect a cable.If a cable isconnected, please disconnect
and reconnect to the usb port, follow the instructions in the 'Found NewHardware Wizard', then retry
the Cable Setup operation.
Cable connection failed.
PROGRESS_END - End Operation.
Elapsed time =      2 sec.
Cable autodetection failed.
WARNING:iMPACT:923 - Can not find cable, check cable setup !// *** BATCH CMD : setMode -bs
 Count ReleaseSemaphore rc = 298.
// *** BATCH CMD : setMode -bs
// *** BATCH CMD : setMode -bs
GUI --- Auto connect to cable...
// *** BATCH CMD : setCable -port auto
AutoDetecting cable. Please wait.
PROGRESS_START - Starting Operation.
Connecting to cable (Parallel Port - LPT1).
Checking cable driver.
Your driver installation is not complete. Please rerun iMPACT
as an administrator to complete the driver installation.
Service using windrvr6.sys : SYSTEM\CurrentControlSet\Services\WinDriver6.
 ImagePath = system32\drivers\windrvr6.sys.
 Start = 3.
 ErrorControl = 1.
 Type=1.
Cable connection failed.
Connecting to cable (Parallel Port - LPT2).
Checking cable driver.
Your driver installation is not complete. Please rerun iMPACT
as an administrator to complete the driver installation.
Service using windrvr6.sys : SYSTEM\CurrentControlSet\Services\WinDriver6.
 ImagePath = system32\drivers\windrvr6.sys.
 Start = 3.
 ErrorControl = 1.
 Type=1.
Cable connection failed.
Connecting to cable (Parallel Port - LPT3).
Checking cable driver.
Your driver installation is not complete. Please rerun iMPACT
as an administrator to complete the driver installation.
Service using windrvr6.sys : SYSTEM\CurrentControlSet\Services\WinDriver6.
 ImagePath = system32\drivers\windrvr6.sys.
 Start = 3.
 ErrorControl = 1.
 Type=1.
Cable connection failed.
Connecting to cable (Parallel Port - LPT4).
Checking cable driver.
Your driver installation is not complete. Please rerun iMPACT
as an administrator to complete the driver installation.
Service using windrvr6.sys : SYSTEM\CurrentControlSet\Services\WinDriver6.
 ImagePath = system32\drivers\windrvr6.sys.
 Start = 3.
 ErrorControl = 1.
 Type=1.
Cable connection failed.
Connecting to cable (Usb Port - USB21).
Checking cable driver.
 Source driver files not found.
The Platform Cable USB is not detected. Please connect a cable.If a cable isconnected, please disconnect
and reconnect to the usb port, follow the instructions in the 'Found NewHardware Wizard', then retry
the Cable Setup operation.
Cable connection failed.
Connecting to cable (Usb Port - USB22).
Checking cable driver.
 Source driver files not found.
The Platform Cable USB is not detected. Please connect a cable.If a cable isconnected, please disconnect
and reconnect to the usb port, follow the instructions in the 'Found NewHardware Wizard', then retry
the Cable Setup operation.
Cable connection failed.
Connecting to cable (Usb Port - USB23).
Checking cable driver.
 Source driver files not found.
The Platform Cable USB is not detected. Please connect a cable.If a cable isconnected, please disconnect
and reconnect to the usb port, follow the instructions in the 'Found NewHardware Wizard', then retry
the Cable Setup operation.
Cable connection failed.
Connecting to cable (Usb Port - USB24).
Checking cable driver.
 Source driver files not found.
The Platform Cable USB is not detected. Please connect a cable.If a cable isconnected, please disconnect
and reconnect to the usb port, follow the instructions in the 'Found NewHardware Wizard', then retry
the Cable Setup operation.
Cable connection failed.
PROGRESS_END - End Operation.
Elapsed time =      2 sec.
Cable autodetection failed.
WARNING:iMPACT:923 - Can not find cable, check cable setup !// *** BATCH CMD : addDevice -p 1 -file"C:/Users/student/Desktop/COA_Assignments/Assignment5/ass_5_grp_55/black_box.bit"
'1': Loading file 'C:/Users/student/Desktop/COA_Assignments/Assignment5/ass_5_grp_55/black_box.bit' ...
done.
INFO:iMPACT:1777 - 
   Reading C:/Xilinx/10.1/ISE/spartan3/data/xc3s400.bsd...
INFO:iMPACT:2257 - Startup Clock has been changed to 'JtagClk' in the bitstream   stored in memory,
   but the original bitstream file remains unchanged.
INFO:iMPACT:501 - '1': Added Device xc3s400 successfully.
----------------------------------------------------------------------
----------------------------------------------------------------------
 Count ReleaseSemaphore rc = 298.
GUI --- Auto connect to cable...
// *** BATCH CMD : setCable -port auto
AutoDetecting cable. Please wait.
PROGRESS_START - Starting Operation.
Connecting to cable (Parallel Port - LPT1).
Checking cable driver.
Your driver installation is not complete. Please rerun iMPACT
as an administrator to complete the driver installation.
Service using windrvr6.sys : SYSTEM\CurrentControlSet\Services\WinDriver6.
 ImagePath = system32\drivers\windrvr6.sys.
 Start = 3.
 ErrorControl = 1.
 Type=1.
Cable connection failed.
Connecting to cable (Parallel Port - LPT2).
Checking cable driver.
Your driver installation is not complete. Please rerun iMPACT
as an administrator to complete the driver installation.
Service using windrvr6.sys : SYSTEM\CurrentControlSet\Services\WinDriver6.
 ImagePath = system32\drivers\windrvr6.sys.
 Start = 3.
 ErrorControl = 1.
 Type=1.
Cable connection failed.
Connecting to cable (Parallel Port - LPT3).
Checking cable driver.
Your driver installation is not complete. Please rerun iMPACT
as an administrator to complete the driver installation.
Service using windrvr6.sys : SYSTEM\CurrentControlSet\Services\WinDriver6.
 ImagePath = system32\drivers\windrvr6.sys.
 Start = 3.
 ErrorControl = 1.
 Type=1.
Cable connection failed.
Connecting to cable (Parallel Port - LPT4).
Checking cable driver.
Your driver installation is not complete. Please rerun iMPACT
as an administrator to complete the driver installation.
Service using windrvr6.sys : SYSTEM\CurrentControlSet\Services\WinDriver6.
 ImagePath = system32\drivers\windrvr6.sys.
 Start = 3.
 ErrorControl = 1.
 Type=1.
Cable connection failed.
Connecting to cable (Usb Port - USB21).
Checking cable driver.
 Source driver files not found.
The Platform Cable USB is not detected. Please connect a cable.If a cable isconnected, please disconnect
and reconnect to the usb port, follow the instructions in the 'Found NewHardware Wizard', then retry
the Cable Setup operation.
Cable connection failed.
Connecting to cable (Usb Port - USB22).
Checking cable driver.
 Source driver files not found.
The Platform Cable USB is not detected. Please connect a cable.If a cable isconnected, please disconnect
and reconnect to the usb port, follow the instructions in the 'Found NewHardware Wizard', then retry
the Cable Setup operation.
Cable connection failed.
Connecting to cable (Usb Port - USB23).
Checking cable driver.
 Source driver files not found.
The Platform Cable USB is not detected. Please connect a cable.If a cable isconnected, please disconnect
and reconnect to the usb port, follow the instructions in the 'Found NewHardware Wizard', then retry
the Cable Setup operation.
Cable connection failed.
Connecting to cable (Usb Port - USB24).
Checking cable driver.
 Source driver files not found.
The Platform Cable USB is not detected. Please connect a cable.If a cable isconnected, please disconnect
and reconnect to the usb port, follow the instructions in the 'Found NewHardware Wizard', then retry
the Cable Setup operation.
Cable connection failed.
PROGRESS_END - End Operation.
Elapsed time =      2 sec.
Cable autodetection failed.
WARNING:iMPACT:923 - Can not find cable, check cable setup ! Count ReleaseSemaphore rc = 298.
GUI --- Auto connect to cable...
// *** BATCH CMD : setCable -port auto
AutoDetecting cable. Please wait.
PROGRESS_START - Starting Operation.
Connecting to cable (Parallel Port - LPT1).
Checking cable driver.
Your driver installation is not complete. Please rerun iMPACT
as an administrator to complete the driver installation.
Service using windrvr6.sys : SYSTEM\CurrentControlSet\Services\WinDriver6.
 ImagePath = system32\drivers\windrvr6.sys.
 Start = 3.
 ErrorControl = 1.
 Type=1.
Cable connection failed.
Connecting to cable (Parallel Port - LPT2).
Checking cable driver.
Your driver installation is not complete. Please rerun iMPACT
as an administrator to complete the driver installation.
Service using windrvr6.sys : SYSTEM\CurrentControlSet\Services\WinDriver6.
 ImagePath = system32\drivers\windrvr6.sys.
 Start = 3.
 ErrorControl = 1.
 Type=1.
Cable connection failed.
Connecting to cable (Parallel Port - LPT3).
Checking cable driver.
Your driver installation is not complete. Please rerun iMPACT
as an administrator to complete the driver installation.
Service using windrvr6.sys : SYSTEM\CurrentControlSet\Services\WinDriver6.
 ImagePath = system32\drivers\windrvr6.sys.
 Start = 3.
 ErrorControl = 1.
 Type=1.
Cable connection failed.
Connecting to cable (Parallel Port - LPT4).
Checking cable driver.
Your driver installation is not complete. Please rerun iMPACT
as an administrator to complete the driver installation.
Service using windrvr6.sys : SYSTEM\CurrentControlSet\Services\WinDriver6.
 ImagePath = system32\drivers\windrvr6.sys.
 Start = 3.
 ErrorControl = 1.
 Type=1.
Cable connection failed.
Connecting to cable (Usb Port - USB21).
Checking cable driver.
 Source driver files not found.
The Platform Cable USB is not detected. Please connect a cable.If a cable isconnected, please disconnect
and reconnect to the usb port, follow the instructions in the 'Found NewHardware Wizard', then retry
the Cable Setup operation.
Cable connection failed.
Connecting to cable (Usb Port - USB22).
Checking cable driver.
 Source driver files not found.
The Platform Cable USB is not detected. Please connect a cable.If a cable isconnected, please disconnect
and reconnect to the usb port, follow the instructions in the 'Found NewHardware Wizard', then retry
the Cable Setup operation.
Cable connection failed.
Connecting to cable (Usb Port - USB23).
Checking cable driver.
 Source driver files not found.
The Platform Cable USB is not detected. Please connect a cable.If a cable isconnected, please disconnect
and reconnect to the usb port, follow the instructions in the 'Found NewHardware Wizard', then retry
the Cable Setup operation.
Cable connection failed.
Connecting to cable (Usb Port - USB24).
Checking cable driver.
 Source driver files not found.
The Platform Cable USB is not detected. Please connect a cable.If a cable isconnected, please disconnect
and reconnect to the usb port, follow the instructions in the 'Found NewHardware Wizard', then retry
the Cable Setup operation.
Cable connection failed.
PROGRESS_END - End Operation.
Elapsed time =      3 sec.
Cable autodetection failed.
WARNING:iMPACT:923 - Can not find cable, check cable setup ! Count ReleaseSemaphore rc = 298.
GUI --- Auto connect to cable...
// *** BATCH CMD : setCable -port auto
AutoDetecting cable. Please wait.
PROGRESS_START - Starting Operation.
Connecting to cable (Parallel Port - LPT1).
Checking cable driver.
Your driver installation is not complete. Please rerun iMPACT
as an administrator to complete the driver installation.
Service using windrvr6.sys : SYSTEM\CurrentControlSet\Services\WinDriver6.
 ImagePath = system32\drivers\windrvr6.sys.
 Start = 3.
 ErrorControl = 1.
 Type=1.
Cable connection failed.
Connecting to cable (Parallel Port - LPT2).
Checking cable driver.
Your driver installation is not complete. Please rerun iMPACT
as an administrator to complete the driver installation.
Service using windrvr6.sys : SYSTEM\CurrentControlSet\Services\WinDriver6.
 ImagePath = system32\drivers\windrvr6.sys.
 Start = 3.
 ErrorControl = 1.
 Type=1.
Cable connection failed.
Connecting to cable (Parallel Port - LPT3).
Checking cable driver.
Your driver installation is not complete. Please rerun iMPACT
as an administrator to complete the driver installation.
Service using windrvr6.sys : SYSTEM\CurrentControlSet\Services\WinDriver6.
 ImagePath = system32\drivers\windrvr6.sys.
 Start = 3.
 ErrorControl = 1.
 Type=1.
Cable connection failed.
Connecting to cable (Parallel Port - LPT4).
Checking cable driver.
Your driver installation is not complete. Please rerun iMPACT
as an administrator to complete the driver installation.
Service using windrvr6.sys : SYSTEM\CurrentControlSet\Services\WinDriver6.
 ImagePath = system32\drivers\windrvr6.sys.
 Start = 3.
 ErrorControl = 1.
 Type=1.
Cable connection failed.
Connecting to cable (Usb Port - USB21).
Checking cable driver.
 Source driver files not found.
The Platform Cable USB is not detected. Please connect a cable.If a cable isconnected, please disconnect
and reconnect to the usb port, follow the instructions in the 'Found NewHardware Wizard', then retry
the Cable Setup operation.
Cable connection failed.
Connecting to cable (Usb Port - USB22).
Checking cable driver.
 Source driver files not found.
The Platform Cable USB is not detected. Please connect a cable.If a cable isconnected, please disconnect
and reconnect to the usb port, follow the instructions in the 'Found NewHardware Wizard', then retry
the Cable Setup operation.
Cable connection failed.
Connecting to cable (Usb Port - USB23).
Checking cable driver.
 Source driver files not found.
The Platform Cable USB is not detected. Please connect a cable.If a cable isconnected, please disconnect
and reconnect to the usb port, follow the instructions in the 'Found NewHardware Wizard', then retry
the Cable Setup operation.
Cable connection failed.
Connecting to cable (Usb Port - USB24).
Checking cable driver.
 Source driver files not found.
The Platform Cable USB is not detected. Please connect a cable.If a cable isconnected, please disconnect
and reconnect to the usb port, follow the instructions in the 'Found NewHardware Wizard', then retry
the Cable Setup operation.
Cable connection failed.
PROGRESS_END - End Operation.
Elapsed time =      3 sec.
Cable autodetection failed.
WARNING:iMPACT:923 - Can not find cable, check cable setup ! Count ReleaseSemaphore rc = 298.
GUI --- Auto connect to cable...
// *** BATCH CMD : setCable -port auto
AutoDetecting cable. Please wait.
PROGRESS_START - Starting Operation.
Connecting to cable (Parallel Port - LPT1).
Checking cable driver.
Your driver installation is not complete. Please rerun iMPACT
as an administrator to complete the driver installation.
Service using windrvr6.sys : SYSTEM\CurrentControlSet\Services\WinDriver6.
 ImagePath = system32\drivers\windrvr6.sys.
 Start = 3.
 ErrorControl = 1.
 Type=1.
Cable connection failed.
Connecting to cable (Parallel Port - LPT2).
Checking cable driver.
Your driver installation is not complete. Please rerun iMPACT
as an administrator to complete the driver installation.
Service using windrvr6.sys : SYSTEM\CurrentControlSet\Services\WinDriver6.
 ImagePath = system32\drivers\windrvr6.sys.
 Start = 3.
 ErrorControl = 1.
 Type=1.
Cable connection failed.
Connecting to cable (Parallel Port - LPT3).
Checking cable driver.
Your driver installation is not complete. Please rerun iMPACT
as an administrator to complete the driver installation.
Service using windrvr6.sys : SYSTEM\CurrentControlSet\Services\WinDriver6.
 ImagePath = system32\drivers\windrvr6.sys.
 Start = 3.
 ErrorControl = 1.
 Type=1.
Cable connection failed.
Connecting to cable (Parallel Port - LPT4).
Checking cable driver.
Your driver installation is not complete. Please rerun iMPACT
as an administrator to complete the driver installation.
Service using windrvr6.sys : SYSTEM\CurrentControlSet\Services\WinDriver6.
 ImagePath = system32\drivers\windrvr6.sys.
 Start = 3.
 ErrorControl = 1.
 Type=1.
Cable connection failed.
Connecting to cable (Usb Port - USB21).
Checking cable driver.
 Source driver files not found.
The Platform Cable USB is not detected. Please connect a cable.If a cable isconnected, please disconnect
and reconnect to the usb port, follow the instructions in the 'Found NewHardware Wizard', then retry
the Cable Setup operation.
Cable connection failed.
Connecting to cable (Usb Port - USB22).
Checking cable driver.
 Source driver files not found.
The Platform Cable USB is not detected. Please connect a cable.If a cable isconnected, please disconnect
and reconnect to the usb port, follow the instructions in the 'Found NewHardware Wizard', then retry
the Cable Setup operation.
Cable connection failed.
Connecting to cable (Usb Port - USB23).
Checking cable driver.
 Source driver files not found.
The Platform Cable USB is not detected. Please connect a cable.If a cable isconnected, please disconnect
and reconnect to the usb port, follow the instructions in the 'Found NewHardware Wizard', then retry
the Cable Setup operation.
Cable connection failed.
Connecting to cable (Usb Port - USB24).
Checking cable driver.
 Source driver files not found.
The Platform Cable USB is not detected. Please connect a cable.If a cable isconnected, please disconnect
and reconnect to the usb port, follow the instructions in the 'Found NewHardware Wizard', then retry
the Cable Setup operation.
Cable connection failed.
PROGRESS_END - End Operation.
Elapsed time =      3 sec.
Cable autodetection failed.
WARNING:iMPACT:923 - Can not find cable, check cable setup ! Count ReleaseSemaphore rc = 298.
GUI --- Auto connect to cable...
// *** BATCH CMD : setCable -port auto
AutoDetecting cable. Please wait.
PROGRESS_START - Starting Operation.
Connecting to cable (Parallel Port - LPT1).
Checking cable driver.
Your driver installation is not complete. Please rerun iMPACT
as an administrator to complete the driver installation.
Service using windrvr6.sys : SYSTEM\CurrentControlSet\Services\WinDriver6.
 ImagePath = system32\drivers\windrvr6.sys.
 Start = 3.
 ErrorControl = 1.
 Type=1.
Cable connection failed.
Connecting to cable (Parallel Port - LPT2).
Checking cable driver.
Your driver installation is not complete. Please rerun iMPACT
as an administrator to complete the driver installation.
Service using windrvr6.sys : SYSTEM\CurrentControlSet\Services\WinDriver6.
 ImagePath = system32\drivers\windrvr6.sys.
 Start = 3.
 ErrorControl = 1.
 Type=1.
Cable connection failed.
Connecting to cable (Parallel Port - LPT3).
Checking cable driver.
Your driver installation is not complete. Please rerun iMPACT
as an administrator to complete the driver installation.
Service using windrvr6.sys : SYSTEM\CurrentControlSet\Services\WinDriver6.
 ImagePath = system32\drivers\windrvr6.sys.
 Start = 3.
 ErrorControl = 1.
 Type=1.
Cable connection failed.
Connecting to cable (Parallel Port - LPT4).
Checking cable driver.
Your driver installation is not complete. Please rerun iMPACT
as an administrator to complete the driver installation.
Service using windrvr6.sys : SYSTEM\CurrentControlSet\Services\WinDriver6.
 ImagePath = system32\drivers\windrvr6.sys.
 Start = 3.
 ErrorControl = 1.
 Type=1.
Cable connection failed.
Connecting to cable (Usb Port - USB21).
Checking cable driver.
 Source driver files not found.
The Platform Cable USB is not detected. Please connect a cable.If a cable isconnected, please disconnect
and reconnect to the usb port, follow the instructions in the 'Found NewHardware Wizard', then retry
the Cable Setup operation.
Cable connection failed.
Connecting to cable (Usb Port - USB22).
Checking cable driver.
 Source driver files not found.
The Platform Cable USB is not detected. Please connect a cable.If a cable isconnected, please disconnect
and reconnect to the usb port, follow the instructions in the 'Found NewHardware Wizard', then retry
the Cable Setup operation.
Cable connection failed.
Connecting to cable (Usb Port - USB23).
Checking cable driver.
 Source driver files not found.
The Platform Cable USB is not detected. Please connect a cable.If a cable isconnected, please disconnect
and reconnect to the usb port, follow the instructions in the 'Found NewHardware Wizard', then retry
the Cable Setup operation.
Cable connection failed.
Connecting to cable (Usb Port - USB24).
Checking cable driver.
 Source driver files not found.
The Platform Cable USB is not detected. Please connect a cable.If a cable isconnected, please disconnect
and reconnect to the usb port, follow the instructions in the 'Found NewHardware Wizard', then retry
the Cable Setup operation.
Cable connection failed.
PROGRESS_END - End Operation.
Elapsed time =      3 sec.
Cable autodetection failed.
WARNING:iMPACT:923 - Can not find cable, check cable setup ! Count ReleaseSemaphore rc = 298.
GUI --- Auto connect to cable...
// *** BATCH CMD : setCable -port auto
AutoDetecting cable. Please wait.
PROGRESS_START - Starting Operation.
Connecting to cable (Parallel Port - LPT1).
Checking cable driver.
Your driver installation is not complete. Please rerun iMPACT
as an administrator to complete the driver installation.
Service using windrvr6.sys : SYSTEM\CurrentControlSet\Services\WinDriver6.
 ImagePath = system32\drivers\windrvr6.sys.
 Start = 3.
 ErrorControl = 1.
 Type=1.
Cable connection failed.
Connecting to cable (Parallel Port - LPT2).
Checking cable driver.
Your driver installation is not complete. Please rerun iMPACT
as an administrator to complete the driver installation.
Service using windrvr6.sys : SYSTEM\CurrentControlSet\Services\WinDriver6.
 ImagePath = system32\drivers\windrvr6.sys.
 Start = 3.
 ErrorControl = 1.
 Type=1.
Cable connection failed.
Connecting to cable (Parallel Port - LPT3).
Checking cable driver.
Your driver installation is not complete. Please rerun iMPACT
as an administrator to complete the driver installation.
Service using windrvr6.sys : SYSTEM\CurrentControlSet\Services\WinDriver6.
 ImagePath = system32\drivers\windrvr6.sys.
 Start = 3.
 ErrorControl = 1.
 Type=1.
Cable connection failed.
Connecting to cable (Parallel Port - LPT4).
Checking cable driver.
Your driver installation is not complete. Please rerun iMPACT
as an administrator to complete the driver installation.
Service using windrvr6.sys : SYSTEM\CurrentControlSet\Services\WinDriver6.
 ImagePath = system32\drivers\windrvr6.sys.
 Start = 3.
 ErrorControl = 1.
 Type=1.
Cable connection failed.
Connecting to cable (Usb Port - USB21).
Checking cable driver.
 Source driver files not found.
The Platform Cable USB is not detected. Please connect a cable.If a cable isconnected, please disconnect
and reconnect to the usb port, follow the instructions in the 'Found NewHardware Wizard', then retry
the Cable Setup operation.
Cable connection failed.
Connecting to cable (Usb Port - USB22).
Checking cable driver.
 Source driver files not found.
The Platform Cable USB is not detected. Please connect a cable.If a cable isconnected, please disconnect
and reconnect to the usb port, follow the instructions in the 'Found NewHardware Wizard', then retry
the Cable Setup operation.
Cable connection failed.
Connecting to cable (Usb Port - USB23).
Checking cable driver.
 Source driver files not found.
The Platform Cable USB is not detected. Please connect a cable.If a cable isconnected, please disconnect
and reconnect to the usb port, follow the instructions in the 'Found NewHardware Wizard', then retry
the Cable Setup operation.
Cable connection failed.
Connecting to cable (Usb Port - USB24).
Checking cable driver.
 Source driver files not found.
The Platform Cable USB is not detected. Please connect a cable.If a cable isconnected, please disconnect
and reconnect to the usb port, follow the instructions in the 'Found NewHardware Wizard', then retry
the Cable Setup operation.
Cable connection failed.
PROGRESS_END - End Operation.
Elapsed time =      2 sec.
Cable autodetection failed.
WARNING:iMPACT:923 - Can not find cable, check cable setup ! Count ReleaseSemaphore rc = 298.
GUI --- Auto connect to cable...
// *** BATCH CMD : setCable -port auto
AutoDetecting cable. Please wait.
PROGRESS_START - Starting Operation.
Connecting to cable (Parallel Port - LPT1).
Checking cable driver.
Your driver installation is not complete. Please rerun iMPACT
as an administrator to complete the driver installation.
Service using windrvr6.sys : SYSTEM\CurrentControlSet\Services\WinDriver6.
 ImagePath = system32\drivers\windrvr6.sys.
 Start = 3.
 ErrorControl = 1.
 Type=1.
Cable connection failed.
Connecting to cable (Parallel Port - LPT2).
Checking cable driver.
Your driver installation is not complete. Please rerun iMPACT
as an administrator to complete the driver installation.
Service using windrvr6.sys : SYSTEM\CurrentControlSet\Services\WinDriver6.
 ImagePath = system32\drivers\windrvr6.sys.
 Start = 3.
 ErrorControl = 1.
 Type=1.
Cable connection failed.
Connecting to cable (Parallel Port - LPT3).
Checking cable driver.
Your driver installation is not complete. Please rerun iMPACT
as an administrator to complete the driver installation.
Service using windrvr6.sys : SYSTEM\CurrentControlSet\Services\WinDriver6.
 ImagePath = system32\drivers\windrvr6.sys.
 Start = 3.
 ErrorControl = 1.
 Type=1.
Cable connection failed.
Connecting to cable (Parallel Port - LPT4).
Checking cable driver.
Your driver installation is not complete. Please rerun iMPACT
as an administrator to complete the driver installation.
Service using windrvr6.sys : SYSTEM\CurrentControlSet\Services\WinDriver6.
 ImagePath = system32\drivers\windrvr6.sys.
 Start = 3.
 ErrorControl = 1.
 Type=1.
Cable connection failed.
Connecting to cable (Usb Port - USB21).
Checking cable driver.
 Source driver files not found.
The Platform Cable USB is not detected. Please connect a cable.If a cable isconnected, please disconnect
and reconnect to the usb port, follow the instructions in the 'Found NewHardware Wizard', then retry
the Cable Setup operation.
Cable connection failed.
Connecting to cable (Usb Port - USB22).
Checking cable driver.
 Source driver files not found.
The Platform Cable USB is not detected. Please connect a cable.If a cable isconnected, please disconnect
and reconnect to the usb port, follow the instructions in the 'Found NewHardware Wizard', then retry
the Cable Setup operation.
Cable connection failed.
Connecting to cable (Usb Port - USB23).
Checking cable driver.
 Source driver files not found.
The Platform Cable USB is not detected. Please connect a cable.If a cable isconnected, please disconnect
and reconnect to the usb port, follow the instructions in the 'Found NewHardware Wizard', then retry
the Cable Setup operation.
Cable connection failed.
Connecting to cable (Usb Port - USB24).
Checking cable driver.
 Source driver files not found.
The Platform Cable USB is not detected. Please connect a cable.If a cable isconnected, please disconnect
and reconnect to the usb port, follow the instructions in the 'Found NewHardware Wizard', then retry
the Cable Setup operation.
Cable connection failed.
PROGRESS_END - End Operation.
Elapsed time =      3 sec.
Cable autodetection failed.
WARNING:iMPACT:923 - Can not find cable, check cable setup ! Count ReleaseSemaphore rc = 298.
GUI --- Auto connect to cable...
// *** BATCH CMD : setCable -port auto
AutoDetecting cable. Please wait.
PROGRESS_START - Starting Operation.
Connecting to cable (Parallel Port - LPT1).
Checking cable driver.
Your driver installation is not complete. Please rerun iMPACT
as an administrator to complete the driver installation.
Service using windrvr6.sys : SYSTEM\CurrentControlSet\Services\WinDriver6.
 ImagePath = system32\drivers\windrvr6.sys.
 Start = 3.
 ErrorControl = 1.
 Type=1.
Cable connection failed.
Connecting to cable (Parallel Port - LPT2).
Checking cable driver.
Your driver installation is not complete. Please rerun iMPACT
as an administrator to complete the driver installation.
Service using windrvr6.sys : SYSTEM\CurrentControlSet\Services\WinDriver6.
 ImagePath = system32\drivers\windrvr6.sys.
 Start = 3.
 ErrorControl = 1.
 Type=1.
Cable connection failed.
Connecting to cable (Parallel Port - LPT3).
Checking cable driver.
Your driver installation is not complete. Please rerun iMPACT
as an administrator to complete the driver installation.
Service using windrvr6.sys : SYSTEM\CurrentControlSet\Services\WinDriver6.
 ImagePath = system32\drivers\windrvr6.sys.
 Start = 3.
 ErrorControl = 1.
 Type=1.
Cable connection failed.
Connecting to cable (Parallel Port - LPT4).
Checking cable driver.
Your driver installation is not complete. Please rerun iMPACT
as an administrator to complete the driver installation.
Service using windrvr6.sys : SYSTEM\CurrentControlSet\Services\WinDriver6.
 ImagePath = system32\drivers\windrvr6.sys.
 Start = 3.
 ErrorControl = 1.
 Type=1.
Cable connection failed.
Connecting to cable (Usb Port - USB21).
Checking cable driver.
 Source driver files not found.
The Platform Cable USB is not detected. Please connect a cable.If a cable isconnected, please disconnect
and reconnect to the usb port, follow the instructions in the 'Found NewHardware Wizard', then retry
the Cable Setup operation.
Cable connection failed.
Connecting to cable (Usb Port - USB22).
Checking cable driver.
 Source driver files not found.
The Platform Cable USB is not detected. Please connect a cable.If a cable isconnected, please disconnect
and reconnect to the usb port, follow the instructions in the 'Found NewHardware Wizard', then retry
the Cable Setup operation.
Cable connection failed.
Connecting to cable (Usb Port - USB23).
Checking cable driver.
 Source driver files not found.
The Platform Cable USB is not detected. Please connect a cable.If a cable isconnected, please disconnect
and reconnect to the usb port, follow the instructions in the 'Found NewHardware Wizard', then retry
the Cable Setup operation.
Cable connection failed.
Connecting to cable (Usb Port - USB24).
Checking cable driver.
 Source driver files not found.
The Platform Cable USB is not detected. Please connect a cable.If a cable isconnected, please disconnect
and reconnect to the usb port, follow the instructions in the 'Found NewHardware Wizard', then retry
the Cable Setup operation.
Cable connection failed.
PROGRESS_END - End Operation.
Elapsed time =      2 sec.
Cable autodetection failed.
WARNING:iMPACT:923 - Can not find cable, check cable setup ! Count ReleaseSemaphore rc = 298.
GUI --- Auto connect to cable...
// *** BATCH CMD : setCable -port auto
AutoDetecting cable. Please wait.
PROGRESS_START - Starting Operation.
Connecting to cable (Parallel Port - LPT1).
Checking cable driver.
Your driver installation is not complete. Please rerun iMPACT
as an administrator to complete the driver installation.
Service using windrvr6.sys : SYSTEM\CurrentControlSet\Services\WinDriver6.
 ImagePath = system32\drivers\windrvr6.sys.
 Start = 3.
 ErrorControl = 1.
 Type=1.
Cable connection failed.
Connecting to cable (Parallel Port - LPT2).
Checking cable driver.
Your driver installation is not complete. Please rerun iMPACT
as an administrator to complete the driver installation.
Service using windrvr6.sys : SYSTEM\CurrentControlSet\Services\WinDriver6.
 ImagePath = system32\drivers\windrvr6.sys.
 Start = 3.
 ErrorControl = 1.
 Type=1.
Cable connection failed.
Connecting to cable (Parallel Port - LPT3).
Checking cable driver.
Your driver installation is not complete. Please rerun iMPACT
as an administrator to complete the driver installation.
Service using windrvr6.sys : SYSTEM\CurrentControlSet\Services\WinDriver6.
 ImagePath = system32\drivers\windrvr6.sys.
 Start = 3.
 ErrorControl = 1.
 Type=1.
Cable connection failed.
Connecting to cable (Parallel Port - LPT4).
Checking cable driver.
Your driver installation is not complete. Please rerun iMPACT
as an administrator to complete the driver installation.
Service using windrvr6.sys : SYSTEM\CurrentControlSet\Services\WinDriver6.
 ImagePath = system32\drivers\windrvr6.sys.
 Start = 3.
 ErrorControl = 1.
 Type=1.
Cable connection failed.
Connecting to cable (Usb Port - USB21).
Checking cable driver.
 Source driver files not found.
The Platform Cable USB is not detected. Please connect a cable.If a cable isconnected, please disconnect
and reconnect to the usb port, follow the instructions in the 'Found NewHardware Wizard', then retry
the Cable Setup operation.
Cable connection failed.
Connecting to cable (Usb Port - USB22).
Checking cable driver.
 Source driver files not found.
The Platform Cable USB is not detected. Please connect a cable.If a cable isconnected, please disconnect
and reconnect to the usb port, follow the instructions in the 'Found NewHardware Wizard', then retry
the Cable Setup operation.
Cable connection failed.
Connecting to cable (Usb Port - USB23).
Checking cable driver.
 Source driver files not found.
The Platform Cable USB is not detected. Please connect a cable.If a cable isconnected, please disconnect
and reconnect to the usb port, follow the instructions in the 'Found NewHardware Wizard', then retry
the Cable Setup operation.
Cable connection failed.
Connecting to cable (Usb Port - USB24).
Checking cable driver.
 Source driver files not found.
The Platform Cable USB is not detected. Please connect a cable.If a cable isconnected, please disconnect
and reconnect to the usb port, follow the instructions in the 'Found NewHardware Wizard', then retry
the Cable Setup operation.
Cable connection failed.
PROGRESS_END - End Operation.
Elapsed time =      2 sec.
Cable autodetection failed.
WARNING:iMPACT:923 - Can not find cable, check cable setup ! Count ReleaseSemaphore rc = 298.
GUI --- Auto connect to cable...
// *** BATCH CMD : setCable -port auto
AutoDetecting cable. Please wait.
PROGRESS_START - Starting Operation.
Connecting to cable (Parallel Port - LPT1).
Checking cable driver.
Your driver installation is not complete. Please rerun iMPACT
as an administrator to complete the driver installation.
Service using windrvr6.sys : SYSTEM\CurrentControlSet\Services\WinDriver6.
 ImagePath = system32\drivers\windrvr6.sys.
 Start = 3.
 ErrorControl = 1.
 Type=1.
Cable connection failed.
Connecting to cable (Parallel Port - LPT2).
Checking cable driver.
Your driver installation is not complete. Please rerun iMPACT
as an administrator to complete the driver installation.
Service using windrvr6.sys : SYSTEM\CurrentControlSet\Services\WinDriver6.
 ImagePath = system32\drivers\windrvr6.sys.
 Start = 3.
 ErrorControl = 1.
 Type=1.
Cable connection failed.
Connecting to cable (Parallel Port - LPT3).
Checking cable driver.
Your driver installation is not complete. Please rerun iMPACT
as an administrator to complete the driver installation.
Service using windrvr6.sys : SYSTEM\CurrentControlSet\Services\WinDriver6.
 ImagePath = system32\drivers\windrvr6.sys.
 Start = 3.
 ErrorControl = 1.
 Type=1.
Cable connection failed.
Connecting to cable (Parallel Port - LPT4).
Checking cable driver.
Your driver installation is not complete. Please rerun iMPACT
as an administrator to complete the driver installation.
Service using windrvr6.sys : SYSTEM\CurrentControlSet\Services\WinDriver6.
 ImagePath = system32\drivers\windrvr6.sys.
 Start = 3.
 ErrorControl = 1.
 Type=1.
Cable connection failed.
Connecting to cable (Usb Port - USB21).
Checking cable driver.
 Source driver files not found.
The Platform Cable USB is not detected. Please connect a cable.If a cable isconnected, please disconnect
and reconnect to the usb port, follow the instructions in the 'Found NewHardware Wizard', then retry
the Cable Setup operation.
Cable connection failed.
Connecting to cable (Usb Port - USB22).
Checking cable driver.
 Source driver files not found.
The Platform Cable USB is not detected. Please connect a cable.If a cable isconnected, please disconnect
and reconnect to the usb port, follow the instructions in the 'Found NewHardware Wizard', then retry
the Cable Setup operation.
Cable connection failed.
Connecting to cable (Usb Port - USB23).
Checking cable driver.
 Source driver files not found.
The Platform Cable USB is not detected. Please connect a cable.If a cable isconnected, please disconnect
and reconnect to the usb port, follow the instructions in the 'Found NewHardware Wizard', then retry
the Cable Setup operation.
Cable connection failed.
Connecting to cable (Usb Port - USB24).
Checking cable driver.
 Source driver files not found.
The Platform Cable USB is not detected. Please connect a cable.If a cable isconnected, please disconnect
and reconnect to the usb port, follow the instructions in the 'Found NewHardware Wizard', then retry
the Cable Setup operation.
Cable connection failed.
PROGRESS_END - End Operation.
Elapsed time =      3 sec.
Cable autodetection failed.
WARNING:iMPACT:923 - Can not find cable, check cable setup ! Count ReleaseSemaphore rc = 298.
GUI --- Auto connect to cable...
// *** BATCH CMD : setCable -port auto
AutoDetecting cable. Please wait.
PROGRESS_START - Starting Operation.
Connecting to cable (Parallel Port - LPT1).
Checking cable driver.
Your driver installation is not complete. Please rerun iMPACT
as an administrator to complete the driver installation.
Service using windrvr6.sys : SYSTEM\CurrentControlSet\Services\WinDriver6.
 ImagePath = system32\drivers\windrvr6.sys.
 Start = 3.
 ErrorControl = 1.
 Type=1.
Cable connection failed.
Connecting to cable (Parallel Port - LPT2).
Checking cable driver.
Your driver installation is not complete. Please rerun iMPACT
as an administrator to complete the driver installation.
Service using windrvr6.sys : SYSTEM\CurrentControlSet\Services\WinDriver6.
 ImagePath = system32\drivers\windrvr6.sys.
 Start = 3.
 ErrorControl = 1.
 Type=1.
Cable connection failed.
Connecting to cable (Parallel Port - LPT3).
Checking cable driver.
Your driver installation is not complete. Please rerun iMPACT
as an administrator to complete the driver installation.
Service using windrvr6.sys : SYSTEM\CurrentControlSet\Services\WinDriver6.
 ImagePath = system32\drivers\windrvr6.sys.
 Start = 3.
 ErrorControl = 1.
 Type=1.
Cable connection failed.
Connecting to cable (Parallel Port - LPT4).
Checking cable driver.
Your driver installation is not complete. Please rerun iMPACT
as an administrator to complete the driver installation.
Service using windrvr6.sys : SYSTEM\CurrentControlSet\Services\WinDriver6.
 ImagePath = system32\drivers\windrvr6.sys.
 Start = 3.
 ErrorControl = 1.
 Type=1.
Cable connection failed.
Connecting to cable (Usb Port - USB21).
Checking cable driver.
 Source driver files not found.
The Platform Cable USB is not detected. Please connect a cable.If a cable isconnected, please disconnect
and reconnect to the usb port, follow the instructions in the 'Found NewHardware Wizard', then retry
the Cable Setup operation.
Cable connection failed.
Connecting to cable (Usb Port - USB22).
Checking cable driver.
 Source driver files not found.
The Platform Cable USB is not detected. Please connect a cable.If a cable isconnected, please disconnect
and reconnect to the usb port, follow the instructions in the 'Found NewHardware Wizard', then retry
the Cable Setup operation.
Cable connection failed.
Connecting to cable (Usb Port - USB23).
Checking cable driver.
 Source driver files not found.
The Platform Cable USB is not detected. Please connect a cable.If a cable isconnected, please disconnect
and reconnect to the usb port, follow the instructions in the 'Found NewHardware Wizard', then retry
the Cable Setup operation.
Cable connection failed.
Connecting to cable (Usb Port - USB24).
Checking cable driver.
 Source driver files not found.
The Platform Cable USB is not detected. Please connect a cable.If a cable isconnected, please disconnect
and reconnect to the usb port, follow the instructions in the 'Found NewHardware Wizard', then retry
the Cable Setup operation.
Cable connection failed.
PROGRESS_END - End Operation.
Elapsed time =      3 sec.
Cable autodetection failed.
WARNING:iMPACT:923 - Can not find cable, check cable setup ! Count ReleaseSemaphore rc = 298.
GUI --- Auto connect to cable...
// *** BATCH CMD : setCable -port auto
AutoDetecting cable. Please wait.
PROGRESS_START - Starting Operation.
Connecting to cable (Parallel Port - LPT1).
Checking cable driver.
Your driver installation is not complete. Please rerun iMPACT
as an administrator to complete the driver installation.
Service using windrvr6.sys : SYSTEM\CurrentControlSet\Services\WinDriver6.
 ImagePath = system32\drivers\windrvr6.sys.
 Start = 3.
 ErrorControl = 1.
 Type=1.
Cable connection failed.
Connecting to cable (Parallel Port - LPT2).
Checking cable driver.
Your driver installation is not complete. Please rerun iMPACT
as an administrator to complete the driver installation.
Service using windrvr6.sys : SYSTEM\CurrentControlSet\Services\WinDriver6.
 ImagePath = system32\drivers\windrvr6.sys.
 Start = 3.
 ErrorControl = 1.
 Type=1.
Cable connection failed.
Connecting to cable (Parallel Port - LPT3).
Checking cable driver.
Your driver installation is not complete. Please rerun iMPACT
as an administrator to complete the driver installation.
Service using windrvr6.sys : SYSTEM\CurrentControlSet\Services\WinDriver6.
 ImagePath = system32\drivers\windrvr6.sys.
 Start = 3.
 ErrorControl = 1.
 Type=1.
Cable connection failed.
Connecting to cable (Parallel Port - LPT4).
Checking cable driver.
Your driver installation is not complete. Please rerun iMPACT
as an administrator to complete the driver installation.
Service using windrvr6.sys : SYSTEM\CurrentControlSet\Services\WinDriver6.
 ImagePath = system32\drivers\windrvr6.sys.
 Start = 3.
 ErrorControl = 1.
 Type=1.
Cable connection failed.
Connecting to cable (Usb Port - USB21).
Checking cable driver.
 Source driver files not found.
The Platform Cable USB is not detected. Please connect a cable.If a cable isconnected, please disconnect
and reconnect to the usb port, follow the instructions in the 'Found NewHardware Wizard', then retry
the Cable Setup operation.
Cable connection failed.
Connecting to cable (Usb Port - USB22).
Checking cable driver.
 Source driver files not found.
The Platform Cable USB is not detected. Please connect a cable.If a cable isconnected, please disconnect
and reconnect to the usb port, follow the instructions in the 'Found NewHardware Wizard', then retry
the Cable Setup operation.
Cable connection failed.
Connecting to cable (Usb Port - USB23).
Checking cable driver.
 Source driver files not found.
The Platform Cable USB is not detected. Please connect a cable.If a cable isconnected, please disconnect
and reconnect to the usb port, follow the instructions in the 'Found NewHardware Wizard', then retry
the Cable Setup operation.
Cable connection failed.
Connecting to cable (Usb Port - USB24).
Checking cable driver.
 Source driver files not found.
The Platform Cable USB is not detected. Please connect a cable.If a cable isconnected, please disconnect
and reconnect to the usb port, follow the instructions in the 'Found NewHardware Wizard', then retry
the Cable Setup operation.
Cable connection failed.
PROGRESS_END - End Operation.
Elapsed time =      3 sec.
Cable autodetection failed.
WARNING:iMPACT:923 - Can not find cable, check cable setup ! Count ReleaseSemaphore rc = 298.
GUI --- Auto connect to cable...
// *** BATCH CMD : setCable -port auto
AutoDetecting cable. Please wait.
PROGRESS_START - Starting Operation.
Connecting to cable (Parallel Port - LPT1).
Checking cable driver.
Your driver installation is not complete. Please rerun iMPACT
as an administrator to complete the driver installation.
Service using windrvr6.sys : SYSTEM\CurrentControlSet\Services\WinDriver6.
 ImagePath = system32\drivers\windrvr6.sys.
 Start = 3.
 ErrorControl = 1.
 Type=1.
Cable connection failed.
Connecting to cable (Parallel Port - LPT2).
Checking cable driver.
Your driver installation is not complete. Please rerun iMPACT
as an administrator to complete the driver installation.
Service using windrvr6.sys : SYSTEM\CurrentControlSet\Services\WinDriver6.
 ImagePath = system32\drivers\windrvr6.sys.
 Start = 3.
 ErrorControl = 1.
 Type=1.
Cable connection failed.
Connecting to cable (Parallel Port - LPT3).
Checking cable driver.
Your driver installation is not complete. Please rerun iMPACT
as an administrator to complete the driver installation.
Service using windrvr6.sys : SYSTEM\CurrentControlSet\Services\WinDriver6.
 ImagePath = system32\drivers\windrvr6.sys.
 Start = 3.
 ErrorControl = 1.
 Type=1.
Cable connection failed.
Connecting to cable (Parallel Port - LPT4).
Checking cable driver.
Your driver installation is not complete. Please rerun iMPACT
as an administrator to complete the driver installation.
Service using windrvr6.sys : SYSTEM\CurrentControlSet\Services\WinDriver6.
 ImagePath = system32\drivers\windrvr6.sys.
 Start = 3.
 ErrorControl = 1.
 Type=1.
Cable connection failed.
Connecting to cable (Usb Port - USB21).
Checking cable driver.
 Source driver files not found.
The Platform Cable USB is not detected. Please connect a cable.If a cable isconnected, please disconnect
and reconnect to the usb port, follow the instructions in the 'Found NewHardware Wizard', then retry
the Cable Setup operation.
Cable connection failed.
Connecting to cable (Usb Port - USB22).
Checking cable driver.
 Source driver files not found.
The Platform Cable USB is not detected. Please connect a cable.If a cable isconnected, please disconnect
and reconnect to the usb port, follow the instructions in the 'Found NewHardware Wizard', then retry
the Cable Setup operation.
Cable connection failed.
Connecting to cable (Usb Port - USB23).
Checking cable driver.
 Source driver files not found.
The Platform Cable USB is not detected. Please connect a cable.If a cable isconnected, please disconnect
and reconnect to the usb port, follow the instructions in the 'Found NewHardware Wizard', then retry
the Cable Setup operation.
Cable connection failed.
Connecting to cable (Usb Port - USB24).
Checking cable driver.
 Source driver files not found.
The Platform Cable USB is not detected. Please connect a cable.If a cable isconnected, please disconnect
and reconnect to the usb port, follow the instructions in the 'Found NewHardware Wizard', then retry
the Cable Setup operation.
Cable connection failed.
PROGRESS_END - End Operation.
Elapsed time =      3 sec.
Cable autodetection failed.
WARNING:iMPACT:923 - Can not find cable, check cable setup ! Count ReleaseSemaphore rc = 298.
GUI --- Auto connect to cable...
// *** BATCH CMD : setCable -port auto
AutoDetecting cable. Please wait.
PROGRESS_START - Starting Operation.
Connecting to cable (Parallel Port - LPT1).
Checking cable driver.
Your driver installation is not complete. Please rerun iMPACT
as an administrator to complete the driver installation.
Service using windrvr6.sys : SYSTEM\CurrentControlSet\Services\WinDriver6.
 ImagePath = system32\drivers\windrvr6.sys.
 Start = 3.
 ErrorControl = 1.
 Type=1.
Cable connection failed.
Connecting to cable (Parallel Port - LPT2).
Checking cable driver.
Your driver installation is not complete. Please rerun iMPACT
as an administrator to complete the driver installation.
Service using windrvr6.sys : SYSTEM\CurrentControlSet\Services\WinDriver6.
 ImagePath = system32\drivers\windrvr6.sys.
 Start = 3.
 ErrorControl = 1.
 Type=1.
Cable connection failed.
Connecting to cable (Parallel Port - LPT3).
Checking cable driver.
Your driver installation is not complete. Please rerun iMPACT
as an administrator to complete the driver installation.
Service using windrvr6.sys : SYSTEM\CurrentControlSet\Services\WinDriver6.
 ImagePath = system32\drivers\windrvr6.sys.
 Start = 3.
 ErrorControl = 1.
 Type=1.
Cable connection failed.
Connecting to cable (Parallel Port - LPT4).
Checking cable driver.
Your driver installation is not complete. Please rerun iMPACT
as an administrator to complete the driver installation.
Service using windrvr6.sys : SYSTEM\CurrentControlSet\Services\WinDriver6.
 ImagePath = system32\drivers\windrvr6.sys.
 Start = 3.
 ErrorControl = 1.
 Type=1.
Cable connection failed.
Connecting to cable (Usb Port - USB21).
Checking cable driver.
 Source driver files not found.
The Platform Cable USB is not detected. Please connect a cable.If a cable isconnected, please disconnect
and reconnect to the usb port, follow the instructions in the 'Found NewHardware Wizard', then retry
the Cable Setup operation.
Cable connection failed.
Connecting to cable (Usb Port - USB22).
Checking cable driver.
 Source driver files not found.
The Platform Cable USB is not detected. Please connect a cable.If a cable isconnected, please disconnect
and reconnect to the usb port, follow the instructions in the 'Found NewHardware Wizard', then retry
the Cable Setup operation.
Cable connection failed.
Connecting to cable (Usb Port - USB23).
Checking cable driver.
 Source driver files not found.
The Platform Cable USB is not detected. Please connect a cable.If a cable isconnected, please disconnect
and reconnect to the usb port, follow the instructions in the 'Found NewHardware Wizard', then retry
the Cable Setup operation.
Cable connection failed.
Connecting to cable (Usb Port - USB24).
Checking cable driver.
 Source driver files not found.
The Platform Cable USB is not detected. Please connect a cable.If a cable isconnected, please disconnect
and reconnect to the usb port, follow the instructions in the 'Found NewHardware Wizard', then retry
the Cable Setup operation.
Cable connection failed.
PROGRESS_END - End Operation.
Elapsed time =      3 sec.
Cable autodetection failed.
WARNING:iMPACT:923 - Can not find cable, check cable setup ! Count ReleaseSemaphore rc = 298.
GUI --- Auto connect to cable...
// *** BATCH CMD : setCable -port auto
AutoDetecting cable. Please wait.
PROGRESS_START - Starting Operation.
Connecting to cable (Parallel Port - LPT1).
Checking cable driver.
Your driver installation is not complete. Please rerun iMPACT
as an administrator to complete the driver installation.
Service using windrvr6.sys : SYSTEM\CurrentControlSet\Services\WinDriver6.
 ImagePath = system32\drivers\windrvr6.sys.
 Start = 3.
 ErrorControl = 1.
 Type=1.
Cable connection failed.
Connecting to cable (Parallel Port - LPT2).
Checking cable driver.
Your driver installation is not complete. Please rerun iMPACT
as an administrator to complete the driver installation.
Service using windrvr6.sys : SYSTEM\CurrentControlSet\Services\WinDriver6.
 ImagePath = system32\drivers\windrvr6.sys.
 Start = 3.
 ErrorControl = 1.
 Type=1.
Cable connection failed.
Connecting to cable (Parallel Port - LPT3).
Checking cable driver.
Your driver installation is not complete. Please rerun iMPACT
as an administrator to complete the driver installation.
Service using windrvr6.sys : SYSTEM\CurrentControlSet\Services\WinDriver6.
 ImagePath = system32\drivers\windrvr6.sys.
 Start = 3.
 ErrorControl = 1.
 Type=1.
Cable connection failed.
Connecting to cable (Parallel Port - LPT4).
Checking cable driver.
Your driver installation is not complete. Please rerun iMPACT
as an administrator to complete the driver installation.
Service using windrvr6.sys : SYSTEM\CurrentControlSet\Services\WinDriver6.
 ImagePath = system32\drivers\windrvr6.sys.
 Start = 3.
 ErrorControl = 1.
 Type=1.
Cable connection failed.
Connecting to cable (Usb Port - USB21).
Checking cable driver.
 Source driver files not found.
The Platform Cable USB is not detected. Please connect a cable.If a cable isconnected, please disconnect
and reconnect to the usb port, follow the instructions in the 'Found NewHardware Wizard', then retry
the Cable Setup operation.
Cable connection failed.
Connecting to cable (Usb Port - USB22).
Checking cable driver.
 Source driver files not found.
The Platform Cable USB is not detected. Please connect a cable.If a cable isconnected, please disconnect
and reconnect to the usb port, follow the instructions in the 'Found NewHardware Wizard', then retry
the Cable Setup operation.
Cable connection failed.
Connecting to cable (Usb Port - USB23).
Checking cable driver.
 Source driver files not found.
The Platform Cable USB is not detected. Please connect a cable.If a cable isconnected, please disconnect
and reconnect to the usb port, follow the instructions in the 'Found NewHardware Wizard', then retry
the Cable Setup operation.
Cable connection failed.
Connecting to cable (Usb Port - USB24).
Checking cable driver.
 Source driver files not found.
The Platform Cable USB is not detected. Please connect a cable.If a cable isconnected, please disconnect
and reconnect to the usb port, follow the instructions in the 'Found NewHardware Wizard', then retry
the Cable Setup operation.
Cable connection failed.
PROGRESS_END - End Operation.
Elapsed time =      2 sec.
Cable autodetection failed.
WARNING:iMPACT:923 - Can not find cable, check cable setup ! Count ReleaseSemaphore rc = 298.
GUI --- Auto connect to cable...
// *** BATCH CMD : setCable -port auto
AutoDetecting cable. Please wait.
PROGRESS_START - Starting Operation.
Connecting to cable (Parallel Port - LPT1).
Checking cable driver.
Your driver installation is not complete. Please rerun iMPACT
as an administrator to complete the driver installation.
Service using windrvr6.sys : SYSTEM\CurrentControlSet\Services\WinDriver6.
 ImagePath = system32\drivers\windrvr6.sys.
 Start = 3.
 ErrorControl = 1.
 Type=1.
Cable connection failed.
Connecting to cable (Parallel Port - LPT2).
Checking cable driver.
Your driver installation is not complete. Please rerun iMPACT
as an administrator to complete the driver installation.
Service using windrvr6.sys : SYSTEM\CurrentControlSet\Services\WinDriver6.
 ImagePath = system32\drivers\windrvr6.sys.
 Start = 3.
 ErrorControl = 1.
 Type=1.
Cable connection failed.
Connecting to cable (Parallel Port - LPT3).
Checking cable driver.
Your driver installation is not complete. Please rerun iMPACT
as an administrator to complete the driver installation.
Service using windrvr6.sys : SYSTEM\CurrentControlSet\Services\WinDriver6.
 ImagePath = system32\drivers\windrvr6.sys.
 Start = 3.
 ErrorControl = 1.
 Type=1.
Cable connection failed.
Connecting to cable (Parallel Port - LPT4).
Checking cable driver.
Your driver installation is not complete. Please rerun iMPACT
as an administrator to complete the driver installation.
Service using windrvr6.sys : SYSTEM\CurrentControlSet\Services\WinDriver6.
 ImagePath = system32\drivers\windrvr6.sys.
 Start = 3.
 ErrorControl = 1.
 Type=1.
Cable connection failed.
Connecting to cable (Usb Port - USB21).
Checking cable driver.
 Source driver files not found.
The Platform Cable USB is not detected. Please connect a cable.If a cable isconnected, please disconnect
and reconnect to the usb port, follow the instructions in the 'Found NewHardware Wizard', then retry
the Cable Setup operation.
Cable connection failed.
Connecting to cable (Usb Port - USB22).
Checking cable driver.
 Source driver files not found.
The Platform Cable USB is not detected. Please connect a cable.If a cable isconnected, please disconnect
and reconnect to the usb port, follow the instructions in the 'Found NewHardware Wizard', then retry
the Cable Setup operation.
Cable connection failed.
Connecting to cable (Usb Port - USB23).
Checking cable driver.
 Source driver files not found.
The Platform Cable USB is not detected. Please connect a cable.If a cable isconnected, please disconnect
and reconnect to the usb port, follow the instructions in the 'Found NewHardware Wizard', then retry
the Cable Setup operation.
Cable connection failed.
Connecting to cable (Usb Port - USB24).
Checking cable driver.
 Source driver files not found.
The Platform Cable USB is not detected. Please connect a cable.If a cable isconnected, please disconnect
and reconnect to the usb port, follow the instructions in the 'Found NewHardware Wizard', then retry
the Cable Setup operation.
Cable connection failed.
PROGRESS_END - End Operation.
Elapsed time =      2 sec.
Cable autodetection failed.
WARNING:iMPACT:923 - Can not find cable, check cable setup ! Count ReleaseSemaphore rc = 298.
GUI --- Auto connect to cable...
// *** BATCH CMD : setCable -port auto
AutoDetecting cable. Please wait.
PROGRESS_START - Starting Operation.
Connecting to cable (Parallel Port - LPT1).
Checking cable driver.
Your driver installation is not complete. Please rerun iMPACT
as an administrator to complete the driver installation.
Service using windrvr6.sys : SYSTEM\CurrentControlSet\Services\WinDriver6.
 ImagePath = system32\drivers\windrvr6.sys.
 Start = 3.
 ErrorControl = 1.
 Type=1.
Cable connection failed.
Connecting to cable (Parallel Port - LPT2).
Checking cable driver.
Your driver installation is not complete. Please rerun iMPACT
as an administrator to complete the driver installation.
Service using windrvr6.sys : SYSTEM\CurrentControlSet\Services\WinDriver6.
 ImagePath = system32\drivers\windrvr6.sys.
 Start = 3.
 ErrorControl = 1.
 Type=1.
Cable connection failed.
Connecting to cable (Parallel Port - LPT3).
Checking cable driver.
Your driver installation is not complete. Please rerun iMPACT
as an administrator to complete the driver installation.
Service using windrvr6.sys : SYSTEM\CurrentControlSet\Services\WinDriver6.
 ImagePath = system32\drivers\windrvr6.sys.
 Start = 3.
 ErrorControl = 1.
 Type=1.
Cable connection failed.
Connecting to cable (Parallel Port - LPT4).
Checking cable driver.
Your driver installation is not complete. Please rerun iMPACT
as an administrator to complete the driver installation.
Service using windrvr6.sys : SYSTEM\CurrentControlSet\Services\WinDriver6.
 ImagePath = system32\drivers\windrvr6.sys.
 Start = 3.
 ErrorControl = 1.
 Type=1.
Cable connection failed.
Connecting to cable (Usb Port - USB21).
Checking cable driver.
 Source driver files not found.
The Platform Cable USB is not detected. Please connect a cable.If a cable isconnected, please disconnect
and reconnect to the usb port, follow the instructions in the 'Found NewHardware Wizard', then retry
the Cable Setup operation.
Cable connection failed.
Connecting to cable (Usb Port - USB22).
Checking cable driver.
 Source driver files not found.
The Platform Cable USB is not detected. Please connect a cable.If a cable isconnected, please disconnect
and reconnect to the usb port, follow the instructions in the 'Found NewHardware Wizard', then retry
the Cable Setup operation.
Cable connection failed.
Connecting to cable (Usb Port - USB23).
Checking cable driver.
 Source driver files not found.
The Platform Cable USB is not detected. Please connect a cable.If a cable isconnected, please disconnect
and reconnect to the usb port, follow the instructions in the 'Found NewHardware Wizard', then retry
the Cable Setup operation.
Cable connection failed.
Connecting to cable (Usb Port - USB24).
Checking cable driver.
 Source driver files not found.
The Platform Cable USB is not detected. Please connect a cable.If a cable isconnected, please disconnect
and reconnect to the usb port, follow the instructions in the 'Found NewHardware Wizard', then retry
the Cable Setup operation.
Cable connection failed.
PROGRESS_END - End Operation.
Elapsed time =      2 sec.
Cable autodetection failed.
WARNING:iMPACT:923 - Can not find cable, check cable setup ! Count ReleaseSemaphore rc = 298.
GUI --- Auto connect to cable...
// *** BATCH CMD : setCable -port auto
AutoDetecting cable. Please wait.
PROGRESS_START - Starting Operation.
Connecting to cable (Parallel Port - LPT1).
Checking cable driver.
Your driver installation is not complete. Please rerun iMPACT
as an administrator to complete the driver installation.
Service using windrvr6.sys : SYSTEM\CurrentControlSet\Services\WinDriver6.
 ImagePath = system32\drivers\windrvr6.sys.
 Start = 3.
 ErrorControl = 1.
 Type=1.
Cable connection failed.
Connecting to cable (Parallel Port - LPT2).
Checking cable driver.
Your driver installation is not complete. Please rerun iMPACT
as an administrator to complete the driver installation.
Service using windrvr6.sys : SYSTEM\CurrentControlSet\Services\WinDriver6.
 ImagePath = system32\drivers\windrvr6.sys.
 Start = 3.
 ErrorControl = 1.
 Type=1.
Cable connection failed.
Connecting to cable (Parallel Port - LPT3).
Checking cable driver.
Your driver installation is not complete. Please rerun iMPACT
as an administrator to complete the driver installation.
Service using windrvr6.sys : SYSTEM\CurrentControlSet\Services\WinDriver6.
 ImagePath = system32\drivers\windrvr6.sys.
 Start = 3.
 ErrorControl = 1.
 Type=1.
Cable connection failed.
Connecting to cable (Parallel Port - LPT4).
Checking cable driver.
Your driver installation is not complete. Please rerun iMPACT
as an administrator to complete the driver installation.
Service using windrvr6.sys : SYSTEM\CurrentControlSet\Services\WinDriver6.
 ImagePath = system32\drivers\windrvr6.sys.
 Start = 3.
 ErrorControl = 1.
 Type=1.
Cable connection failed.
Connecting to cable (Usb Port - USB21).
Checking cable driver.
 Source driver files not found.
The Platform Cable USB is not detected. Please connect a cable.If a cable isconnected, please disconnect
and reconnect to the usb port, follow the instructions in the 'Found NewHardware Wizard', then retry
the Cable Setup operation.
Cable connection failed.
Connecting to cable (Usb Port - USB22).
Checking cable driver.
 Source driver files not found.
The Platform Cable USB is not detected. Please connect a cable.If a cable isconnected, please disconnect
and reconnect to the usb port, follow the instructions in the 'Found NewHardware Wizard', then retry
the Cable Setup operation.
Cable connection failed.
Connecting to cable (Usb Port - USB23).
Checking cable driver.
 Source driver files not found.
The Platform Cable USB is not detected. Please connect a cable.If a cable isconnected, please disconnect
and reconnect to the usb port, follow the instructions in the 'Found NewHardware Wizard', then retry
the Cable Setup operation.
Cable connection failed.
Connecting to cable (Usb Port - USB24).
Checking cable driver.
 Source driver files not found.
The Platform Cable USB is not detected. Please connect a cable.If a cable isconnected, please disconnect
and reconnect to the usb port, follow the instructions in the 'Found NewHardware Wizard', then retry
the Cable Setup operation.
Cable connection failed.
PROGRESS_END - End Operation.
Elapsed time =      3 sec.
Cable autodetection failed.
WARNING:iMPACT:923 - Can not find cable, check cable setup !// *** BATCH CMD : saveProjectFile -file"C:/Users/student/Desktop/COA_Assignments/Assignment5/ass_5_grp_55/ass_5_grp_55.ipf"
// *** BATCH CMD : setMode -bs
// *** BATCH CMD : deleteDevice -position 1
 Count ReleaseSemaphore rc = 298.
WARNING:ConstraintSystem:176 - In file: ucf.ucf(9): Syntax error.  Ensure that   the previous constraint specification was terminated with ';'.
// *** BATCH CMD : loadProjectFile -file"C:\Users\student\Desktop\COA_Assignments\Assignment5\ass_5_grp_55/ass_5_grp_55.ipf"
'1': Loading file 'C:/Users/student/Desktop/COA_Assignments/Assignment5/ass_5_grp_55/black_box.bit' ...
done.
INFO:iMPACT:1777 - 
   Reading C:/Xilinx/10.1/ISE/spartan3/data/xc3s400.bsd...
INFO:iMPACT:2257 - Startup Clock has been changed to 'JtagClk' in the bitstream   stored in memory,
   but the original bitstream file remains unchanged.
INFO:iMPACT:501 - '1': Added Device xc3s400 successfully.
----------------------------------------------------------------------
----------------------------------------------------------------------
Active mode is BS
// *** BATCH CMD : setMode -ss
// *** BATCH CMD : setMode -sm
// *** BATCH CMD : setMode -hw140
// *** BATCH CMD : setMode -spi
// *** BATCH CMD : setMode -acecf
// *** BATCH CMD : setMode -acempm
// *** BATCH CMD : setMode -pff
// *** BATCH CMD : setMode -bs
// *** BATCH CMD : setMode -bs
// *** BATCH CMD : setMode -bs
// *** BATCH CMD : setMode -bs
GUI --- Auto connect to cable...
// *** BATCH CMD : setCable -port auto
AutoDetecting cable. Please wait.
PROGRESS_START - Starting Operation.
Connecting to cable (Parallel Port - LPT1).
Checking cable driver.
Your driver installation is not complete. Please rerun iMPACT
as an administrator to complete the driver installation.
Service using windrvr6.sys : SYSTEM\CurrentControlSet\Services\WinDriver6.
 ImagePath = system32\drivers\windrvr6.sys.
 Start = 3.
 ErrorControl = 1.
 Type=1.
Cable connection failed.
Connecting to cable (Parallel Port - LPT2).
Checking cable driver.
Your driver installation is not complete. Please rerun iMPACT
as an administrator to complete the driver installation.
Service using windrvr6.sys : SYSTEM\CurrentControlSet\Services\WinDriver6.
 ImagePath = system32\drivers\windrvr6.sys.
 Start = 3.
 ErrorControl = 1.
 Type=1.
Cable connection failed.
Connecting to cable (Parallel Port - LPT3).
Checking cable driver.
Your driver installation is not complete. Please rerun iMPACT
as an administrator to complete the driver installation.
Service using windrvr6.sys : SYSTEM\CurrentControlSet\Services\WinDriver6.
 ImagePath = system32\drivers\windrvr6.sys.
 Start = 3.
 ErrorControl = 1.
 Type=1.
Cable connection failed.
Connecting to cable (Parallel Port - LPT4).
Checking cable driver.
Your driver installation is not complete. Please rerun iMPACT
as an administrator to complete the driver installation.
Service using windrvr6.sys : SYSTEM\CurrentControlSet\Services\WinDriver6.
 ImagePath = system32\drivers\windrvr6.sys.
 Start = 3.
 ErrorControl = 1.
 Type=1.
Cable connection failed.
Connecting to cable (Usb Port - USB21).
Checking cable driver.
 Source driver files not found.
The Platform Cable USB is not detected. Please connect a cable.If a cable isconnected, please disconnect
and reconnect to the usb port, follow the instructions in the 'Found NewHardware Wizard', then retry
the Cable Setup operation.
Cable connection failed.
Connecting to cable (Usb Port - USB22).
Checking cable driver.
 Source driver files not found.
The Platform Cable USB is not detected. Please connect a cable.If a cable isconnected, please disconnect
and reconnect to the usb port, follow the instructions in the 'Found NewHardware Wizard', then retry
the Cable Setup operation.
Cable connection failed.
Connecting to cable (Usb Port - USB23).
Checking cable driver.
 Source driver files not found.
The Platform Cable USB is not detected. Please connect a cable.If a cable isconnected, please disconnect
and reconnect to the usb port, follow the instructions in the 'Found NewHardware Wizard', then retry
the Cable Setup operation.
Cable connection failed.
Connecting to cable (Usb Port - USB24).
Checking cable driver.
 Source driver files not found.
The Platform Cable USB is not detected. Please connect a cable.If a cable isconnected, please disconnect
and reconnect to the usb port, follow the instructions in the 'Found NewHardware Wizard', then retry
the Cable Setup operation.
Cable connection failed.
PROGRESS_END - End Operation.
Elapsed time =      2 sec.
Cable autodetection failed.
WARNING:iMPACT:923 - Can not find cable, check cable setup !// *** BATCH CMD : saveProjectFile -file"C:/Users/student/Desktop/COA_Assignments/Assignment5/ass_5_grp_55/ass_5_grp_55.ipf"
// *** BATCH CMD : setMode -bs
// *** BATCH CMD : deleteDevice -position 1
// *** BATCH CMD : setMode -ss
// *** BATCH CMD : setMode -sm
// *** BATCH CMD : setMode -hw140
// *** BATCH CMD : setMode -spi
// *** BATCH CMD : setMode -acecf
// *** BATCH CMD : setMode -acempm
// *** BATCH CMD : setMode -pff
// *** BATCH CMD : setMode -bs
 Count ReleaseSemaphore rc = 298.
